[ 45%]: compiling.release src\boucle.c
[ 49%]: compiling.release src\input.c
[ 49%]: compiling.release src\caractere.c
[ 49%]: compiling.release src\init.c
[ 49%]: compiling.release src\image.c
[ 49%]: compiling.release src\icone.c
[ 49%]: compiling.release src\hitbox.c
[ 49%]: compiling.release src\fenetre.c
[ 49%]: compiling.release src\controller.c
[ 49%]: compiling.release src\chargement_son.c
[ 49%]: compiling.release src\chargement_image.c
[ 53%]: compiling.release src\liberer.c
[ 57%]: compiling.release src\main.c
[ 61%]: compiling.release src\normaliser.c
[ 66%]: compiling.release src\redimensionnement.c
[ 70%]: compiling.release src\son.c
[ 74%]: compiling.release src\trouver_png.c
[ 78%]: compiling.release src\trouver_wav.c
[ 82%]: compiling.release src\bindings.cpp
[ 86%]: exporting.release LibGrnGame.pyd
[ 90%]: linking.release LibGrnGame.pyd
[100%]: build ok, spent 4.718s
