Erreur: Impossible d'ouvrir le dossier 'c:/Users/Baptiste/Desktop/programmation/GrnGame/GrnGame/creations/examplebis/./None': 3
Erreur: Impossible de lister les fichiers PNG dans 'c:/Users/Baptiste/Desktop/programmation/GrnGame/GrnGame/creations/examplebis/./None'
Erreur: Impossible d'ouvrir le dossier 'c:/Users/Baptiste/Desktop/programmation/GrnGame/GrnGame/creations/examplebis/./None': 3
Erreur: Impossible de lister les fichiers WAV dans 'c:/Users/Baptiste/Desktop/programmation/GrnGame/GrnGame/creations/examplebis/./None'
nanobind: leaked 1 instances!
 - leaked instance 000001ED9F1D8FB0 of type "LibGrnGame.Gestionnaire"
nanobind: leaked 2 types!
 - leaked type "LibGrnGame.GestionnaireEntrees"
 - leaked type "LibGrnGame.Gestionnaire"
nanobind: leaked 50 functions!
 - leaked function "ecrire_console"
 - leaked function ""
 - leaked function ""
 - leaked function "colorier"
 - leaked function "redimensionner_fenetre"
 - leaked function ""
 - leaked function "init_controller_joysticks"
 - leaked function ""
 - leaked function "liberer_gestionnaire_image"
 - leaked function "renvoie_joysticks"
 - leaked function ""
 - leaked function ""
 - leaked function "platformer_2d"
 - leaked function "Seticone"
 - leaked function "boucle_principale"
 - leaked function "touche_mannette_juste_presse"
 - leaked function "ajouter_mot"
 - leaked function ""
 - leaked function ""
 - leaked function "pause_canal"
 - leaked function "reprendre_canal"
 - leaked function "fermer_controller_joystick"
 - leaked function "charger_toutes_les_textures"
 - leaked function "touche_juste_presse"
 - leaked function "pause_son"
 - leaked function "ajouter_image_batch"
 - leaked function "liberer_gestionnaire_son"
 - leaked function ""
 - leaked function ""
 - leaked function ""
 - leaked function "set_update_callback"
 - leaked function "ajouter_forme_batch"
 - leaked function "ajouter_forme"
 - leaked function ""
 - leaked function ""
 - leaked function ""
 - leaked function "touche_enfoncee"
 - leaked function ""
 - leaked function "charger_tous_les_sons"
 - leaked function ""
 - leaked function ""
 - leaked function "arreter_canal"
 - leaked function "reprendre_son"
 - leaked function ""
 - leaked function ""
 - leaked function "ajouter_image"
 - leaked function "arreter_son"
 - leaked function "touche_mannette_enfoncee"
 - leaked function "jouer_son"
 - leaked function "initialisation"
nanobind: this is likely caused by a reference counting issue in the binding code.
See https://nanobind.readthedocs.io/en/latest/refleaks.html